[debug] [2024-09-14T17:46:37.179Z] ----------------------------------------------------------------------
[debug] [2024-09-14T17:46:37.181Z] Command:       /home/japhe/.nvm/versions/node/v20.12.2/bin/node /home/japhe/.nvm/versions/node/v20.12.2/bin/firebase emulators:start
[debug] [2024-09-14T17:46:37.182Z] CLI Version:   13.17.0
[debug] [2024-09-14T17:46:37.182Z] Platform:      linux
[debug] [2024-09-14T17:46:37.182Z] Node Version:  v20.12.2
[debug] [2024-09-14T17:46:37.182Z] Time:          Sat Sep 14 2024 14:46:37 GMT-0300 (Brasilia Standard Time)
[debug] [2024-09-14T17:46:37.182Z] ----------------------------------------------------------------------
[debug] 
[debug] [2024-09-14T17:46:37.278Z] > command requires scopes: ["email","openid","https://www.googleapis.com/auth/cloudplatformprojects.readonly","https://www.googleapis.com/auth/firebase","https://www.googleapis.com/auth/cloud-platform"]
[debug] [2024-09-14T17:46:37.279Z] > authorizing via signed-in user (alenogueira75@gmail.com)
[debug] [2024-09-14T17:46:37.308Z] openjdk version "21.0.4" 2024-07-16
OpenJDK Runtime Environment (build 21.0.4+7-Ubuntu-1ubuntu224.04)

[debug] [2024-09-14T17:46:37.309Z] OpenJDK 64-Bit Server VM (build 21.0.4+7-Ubuntu-1ubuntu224.04, mixed mode, sharing)

[debug] [2024-09-14T17:46:37.314Z] Parsed Java major version: 21
[info] i  emulators: Starting emulators: auth, functions, firestore, hosting, storage {"metadata":{"emulator":{"name":"hub"},"message":"Starting emulators: auth, functions, firestore, hosting, storage"}}
[debug] [2024-09-14T17:46:37.318Z] [logging] Logging Emulator only supports listening on one address (127.0.0.1). Not listening on ::1
[debug] [2024-09-14T17:46:37.319Z] [auth] Authentication Emulator only supports listening on one address (127.0.0.1). Not listening on ::1
[debug] [2024-09-14T17:46:37.319Z] [firestore] Firestore Emulator only supports listening on one address (127.0.0.1). Not listening on ::1
[debug] [2024-09-14T17:46:37.319Z] [firestore.websocket] websocket server for firestore only supports listening on one address (127.0.0.1). Not listening on ::1
[debug] [2024-09-14T17:46:37.319Z] [hosting] Hosting Emulator only supports listening on one address (127.0.0.1). Not listening on ::1
[debug] [2024-09-14T17:46:37.319Z] [storage] Storage Emulator only supports listening on one address (127.0.0.1). Not listening on ::1
[debug] [2024-09-14T17:46:37.319Z] assigned listening specs for emulators {"user":{"hub":[{"address":"127.0.0.1","family":"IPv4","port":4400},{"address":"::1","family":"IPv6","port":4400}],"ui":[{"address":"127.0.0.1","family":"IPv4","port":4000},{"address":"::1","family":"IPv6","port":4000}],"logging":[{"address":"127.0.0.1","family":"IPv4","port":4500}],"auth":[{"address":"127.0.0.1","family":"IPv4","port":9099}],"firestore":[{"address":"127.0.0.1","family":"IPv4","port":8080}],"firestore.websocket":[{"address":"127.0.0.1","family":"IPv4","port":9150}],"hosting":[{"address":"127.0.0.1","family":"IPv4","port":5000}],"storage":[{"address":"127.0.0.1","family":"IPv4","port":9199}]},"metadata":{"message":"assigned listening specs for emulators"}}
[debug] [2024-09-14T17:46:37.323Z] [hub] writing locator at /tmp/hub-alexa-semijoias.json
[debug] [2024-09-14T17:46:37.329Z] >>> [apiv2][query] GET https://firebase.googleapis.com/v1beta1/projects/alexa-semijoias [none]
[debug] [2024-09-14T17:46:37.728Z] <<< [apiv2][status] GET https://firebase.googleapis.com/v1beta1/projects/alexa-semijoias 200
[debug] [2024-09-14T17:46:37.728Z] <<< [apiv2][body] GET https://firebase.googleapis.com/v1beta1/projects/alexa-semijoias {"projectId":"alexa-semijoias","projectNumber":"335721127639","displayName":"alexa-semijoias","name":"projects/alexa-semijoias","resources":{"hostingSite":"alexa-semijoias","realtimeDatabaseInstance":"alexa-semijoias-default-rtdb","storageBucket":"alexa-semijoias.appspot.com","locationId":"southamerica-east1"},"state":"ACTIVE","etag":"1_fd4175ab-6668-4259-8fa0-ec433fc73a8a"}
[debug] [2024-09-14T17:46:39.281Z] defaultcredentials: writing to file /home/japhe/.config/firebase/alenogueira75_gmail_com_application_default_credentials.json
[debug] [2024-09-14T17:46:39.283Z] >>> [apiv2][query] GET https://firebasehosting.googleapis.com/v1beta1/projects/alexa-semijoias/sites pageToken=&pageSize=10
[debug] [2024-09-14T17:46:40.482Z] <<< [apiv2][status] GET https://firebasehosting.googleapis.com/v1beta1/projects/alexa-semijoias/sites 200
[debug] [2024-09-14T17:46:40.482Z] <<< [apiv2][body] GET https://firebasehosting.googleapis.com/v1beta1/projects/alexa-semijoias/sites {"sites":[{"name":"projects/alexa-semijoias/sites/alexa-semijoias","defaultUrl":"https://alexa-semijoias.web.app","type":"DEFAULT_SITE"}]}
[debug] [2024-09-14T17:46:40.482Z] >>> [apiv2][query] GET https://firebasehosting.googleapis.com/v1beta1/projects/alexa-semijoias/sites 
[debug] [2024-09-14T17:46:40.794Z] <<< [apiv2][status] GET https://firebasehosting.googleapis.com/v1beta1/projects/alexa-semijoias/sites 200
[debug] [2024-09-14T17:46:40.795Z] <<< [apiv2][body] GET https://firebasehosting.googleapis.com/v1beta1/projects/alexa-semijoias/sites {"sites":[{"name":"projects/alexa-semijoias/sites/alexa-semijoias","defaultUrl":"https://alexa-semijoias.web.app","type":"DEFAULT_SITE"}]}
[debug] [2024-09-14T17:46:40.795Z] >>> [apiv2][query] GET https://firebase.googleapis.com/v1beta1/projects/alexa-semijoias/webApps/-/config [none]
[debug] [2024-09-14T17:46:41.669Z] <<< [apiv2][status] GET https://firebase.googleapis.com/v1beta1/projects/alexa-semijoias/webApps/-/config 200
[debug] [2024-09-14T17:46:41.669Z] <<< [apiv2][body] GET https://firebase.googleapis.com/v1beta1/projects/alexa-semijoias/webApps/-/config {"projectId":"alexa-semijoias","appId":"1:335721127639:web:15a170805690148c501a92","databaseURL":"https://alexa-semijoias-default-rtdb.firebaseio.com","storageBucket":"alexa-semijoias.appspot.com","locationId":"southamerica-east1","apiKey":"AIzaSyC8Z3tYN8Glm3ptKy-aPOIupiN89mHtISk","authDomain":"alexa-semijoias.firebaseapp.com","messagingSenderId":"335721127639","measurementId":"G-MEGLYC6L4Z"}
[info] 
   Thank you for trying our early preview of Next.js support on Firebase Hosting.
   During the preview, support is best-effort and breaking changes can be expected. Proceed with caution.
   The integration is known to work with Next.js version 12 - 14.0. You may encounter errors.

   Documentation: https://firebase.google.com/docs/hosting/frameworks/nextjs
   File a bug: https://github.com/firebase/firebase-tools/issues/new?template=bug_report.md
   Submit a feature request: https://github.com/firebase/firebase-tools/issues/new?template=feature_request.md

   We'd love to learn from you. Express your interest in helping us shape the future of Firebase Hosting: https://goo.gle/41enW5X

[debug] [2024-09-14T17:46:50.527Z] [web frameworks] effective firebase.json:  {
  "hosting": [
    {
      "source": ".",
      "ignore": [
        "firebase.json",
        "**/.*",
        "**/node_modules/**",
        "**/*.js"
      ],
      "frameworksBackend": {
        "region": "us-central1"
      },
      "site": "alexa-semijoias",
      "rewrites": [
        {
          "source": "**",
          "function": {
            "functionId": "ssralexasemijoias",
            "region": "us-central1",
            "pinTag": true
          }
        }
      ],
      "redirects": [],
      "headers": [
        {
          "source": "**/*.[jt]s",
          "headers": [
            {
              "key": "Set-Cookie",
              "value": "__FIREBASE_DEFAULTS__=eyJlbXVsYXRvckhvc3RzIjp7ImF1dGgiOiIxMjcuMC4wLjE6OTA5OSIsImZpcmVzdG9yZSI6IjEyNy4wLjAuMTo4MDgwIiwic3RvcmFnZSI6IjEyNy4wLjAuMTo5MTk5In0sImNvbmZpZyI6eyJwcm9qZWN0SWQiOiJhbGV4YS1zZW1pam9pYXMiLCJhcHBJZCI6IjE6MzM1NzIxMTI3NjM5OndlYjoxNWExNzA4MDU2OTAxNDhjNTAxYTkyIiwiZGF0YWJhc2VVUkwiOiJodHRwczovL2FsZXhhLXNlbWlqb2lhcy1kZWZhdWx0LXJ0ZGIuZmlyZWJhc2Vpby5jb20iLCJzdG9yYWdlQnVja2V0IjoiYWxleGEtc2VtaWpvaWFzLmFwcHNwb3QuY29tIiwibG9jYXRpb25JZCI6InNvdXRoYW1lcmljYS1lYXN0MSIsImFwaUtleSI6IkFJemFTeUM4WjN0WU44R2xtM3B0S3ktYVBPSXVwaU44OW1IdElTayIsImF1dGhEb21haW4iOiJhbGV4YS1zZW1pam9pYXMuZmlyZWJhc2VhcHAuY29tIiwibWVzc2FnaW5nU2VuZGVySWQiOiIzMzU3MjExMjc2MzkiLCJtZWFzdXJlbWVudElkIjoiRy1NRUdMWUM2TDRaIn0sIl9hdXRoVG9rZW5TeW5jVVJMIjoiL19fc2Vzc2lvbiJ9; SameSite=Strict; Expires=2026-08-10T04:26:50.527Z; Path=/;"
            }
          ]
        }
      ],
      "cleanUrls": true,
      "public": ".firebase/alexa-semijoias/hosting",
      "webFramework": "next_ssr"
    }
  ],
  "functions": [
    {
      "source": "functions",
      "codebase": "default",
      "ignore": [
        "node_modules",
        ".git",
        "firebase-debug.log",
        "firebase-debug.*.log",
        "*.local"
      ],
      "predeploy": [
        "npm --prefix \"$RESOURCE_DIR\" run build"
      ]
    },
    {
      "source": ".firebase/alexa-semijoias/functions",
      "codebase": "firebase-frameworks-alexa-semijoias"
    }
  ]
}
[debug] [2024-09-14T17:46:50.528Z] [functions] Functions Emulator only supports listening on one address (127.0.0.1). Not listening on ::1
[debug] [2024-09-14T17:46:50.528Z] [eventarc] Eventarc Emulator only supports listening on one address (127.0.0.1). Not listening on ::1
[debug] [2024-09-14T17:46:50.528Z] [tasks] Cloud Tasks Emulator only supports listening on one address (127.0.0.1). Not listening on ::1
[debug] [2024-09-14T17:46:50.529Z] late-assigned ports for functions and eventarc emulators {"user":{"hub":[{"address":"127.0.0.1","family":"IPv4","port":4400},{"address":"::1","family":"IPv6","port":4400}],"ui":[{"address":"127.0.0.1","family":"IPv4","port":4000},{"address":"::1","family":"IPv6","port":4000}],"logging":[{"address":"127.0.0.1","family":"IPv4","port":4500}],"auth":[{"address":"127.0.0.1","family":"IPv4","port":9099}],"firestore":[{"address":"127.0.0.1","family":"IPv4","port":8080}],"firestore.websocket":[{"address":"127.0.0.1","family":"IPv4","port":9150}],"hosting":[{"address":"127.0.0.1","family":"IPv4","port":5000}],"storage":[{"address":"127.0.0.1","family":"IPv4","port":9199}],"functions":[{"address":"127.0.0.1","family":"IPv4","port":5001}],"eventarc":[{"address":"127.0.0.1","family":"IPv4","port":9299}],"tasks":[{"address":"127.0.0.1","family":"IPv4","port":9499}]},"metadata":{"message":"late-assigned ports for functions and eventarc emulators"}}
[warn] ⚠  functions: The following emulators are not running, calls to these services from the Functions emulator will affect production: database, pubsub, dataconnect {"metadata":{"emulator":{"name":"functions"},"message":"The following emulators are not running, calls to these services from the Functions emulator will affect production: \u001b[1mdatabase, pubsub, dataconnect\u001b[22m"}}
[warn] ⚠  functions: Your GOOGLE_APPLICATION_CREDENTIALS environment variable points to /home/japhe/.config/firebase/alenogueira75_gmail_com_application_default_credentials.json. Non-emulated services will access production using these credentials. Be careful! {"metadata":{"emulator":{"name":"functions"},"message":"Your GOOGLE_APPLICATION_CREDENTIALS environment variable points to /home/japhe/.config/firebase/alenogueira75_gmail_com_application_default_credentials.json. Non-emulated services will access production using these credentials. Be careful!"}}
[debug] [2024-09-14T17:46:50.533Z] >>> [apiv2][query] GET https://firebase.googleapis.com/v1beta1/projects/alexa-semijoias/adminSdkConfig [none]
[debug] [2024-09-14T17:46:50.941Z] <<< [apiv2][status] GET https://firebase.googleapis.com/v1beta1/projects/alexa-semijoias/adminSdkConfig 200
[debug] [2024-09-14T17:46:50.941Z] <<< [apiv2][body] GET https://firebase.googleapis.com/v1beta1/projects/alexa-semijoias/adminSdkConfig {"projectId":"alexa-semijoias","databaseURL":"https://alexa-semijoias-default-rtdb.firebaseio.com","storageBucket":"alexa-semijoias.appspot.com","locationId":"southamerica-east1"}
[debug] [2024-09-14T17:46:50.957Z] Ignoring unsupported arg: auto_download {"metadata":{"emulator":{"name":"firestore"},"message":"Ignoring unsupported arg: auto_download"}}
[debug] [2024-09-14T17:46:50.957Z] Ignoring unsupported arg: single_project_mode_error {"metadata":{"emulator":{"name":"firestore"},"message":"Ignoring unsupported arg: single_project_mode_error"}}
[debug] [2024-09-14T17:46:50.957Z] Starting Firestore Emulator with command {"binary":"java","args":["-Dgoogle.cloud_firestore.debug_log_level=FINE","-Duser.language=en","-jar","/home/japhe/.cache/firebase/emulators/cloud-firestore-emulator-v1.19.8.jar","--host","127.0.0.1","--port",8080,"--websocket_port",9150,"--project_id","alexa-semijoias","--rules","/home/japhe/Downloads/programaçãop/alexa2/Alexa-semijoias/alexa-site/firestore.rules","--single_project_mode",true,"--functions_emulator","127.0.0.1:5001"],"optionalArgs":["port","webchannel_port","host","rules","websocket_port","functions_emulator","seed_from_export","project_id","single_project_mode"],"joinArgs":false,"shell":false} {"metadata":{"emulator":{"name":"firestore"},"message":"Starting Firestore Emulator with command {\"binary\":\"java\",\"args\":[\"-Dgoogle.cloud_firestore.debug_log_level=FINE\",\"-Duser.language=en\",\"-jar\",\"/home/japhe/.cache/firebase/emulators/cloud-firestore-emulator-v1.19.8.jar\",\"--host\",\"127.0.0.1\",\"--port\",8080,\"--websocket_port\",9150,\"--project_id\",\"alexa-semijoias\",\"--rules\",\"/home/japhe/Downloads/programaçãop/alexa2/Alexa-semijoias/alexa-site/firestore.rules\",\"--single_project_mode\",true,\"--functions_emulator\",\"127.0.0.1:5001\"],\"optionalArgs\":[\"port\",\"webchannel_port\",\"host\",\"rules\",\"websocket_port\",\"functions_emulator\",\"seed_from_export\",\"project_id\",\"single_project_mode\"],\"joinArgs\":false,\"shell\":false}"}}
[info] i  firestore: Firestore Emulator logging to firestore-debug.log {"metadata":{"emulator":{"name":"firestore"},"message":"Firestore Emulator logging to \u001b[1mfirestore-debug.log\u001b[22m"}}
[debug] [2024-09-14T17:46:52.009Z] Sep 14, 2024 2:46:51 PM com.google.cloud.datastore.emulator.firestore.websocket.WebSocketServer start
INFO: Started WebSocket server on ws://127.0.0.1:9150
 {"metadata":{"emulator":{"name":"firestore"},"message":"Sep 14, 2024 2:46:51 PM com.google.cloud.datastore.emulator.firestore.websocket.WebSocketServer start\nINFO: Started WebSocket server on ws://127.0.0.1:9150\n"}}
[debug] [2024-09-14T17:46:52.033Z] API endpoint: http://127.0.0.1:8080
If you are using a library that supports the FIRESTORE_EMULATOR_HOST environment variable, run:

   export FIRESTORE_EMULATOR_HOST=127.0.0.1:8080

If you are running a Firestore in Datastore Mode project, run:

   export DATASTORE_EMULATOR_HOST=127.0.0.1:8080

Note: Support for Datastore Mode is in preview. If you encounter any bugs please file at https://github.com/firebase/firebase-tools/issues.
Dev App Server is now running.

 {"metadata":{"emulator":{"name":"firestore"},"message":"API endpoint: http://127.0.0.1:8080\nIf you are using a library that supports the FIRESTORE_EMULATOR_HOST environment variable, run:\n\n   export FIRESTORE_EMULATOR_HOST=127.0.0.1:8080\n\nIf you are running a Firestore in Datastore Mode project, run:\n\n   export DATASTORE_EMULATOR_HOST=127.0.0.1:8080\n\nNote: Support for Datastore Mode is in preview. If you encounter any bugs please file at https://github.com/firebase/firebase-tools/issues.\nDev App Server is now running.\n\n"}}
[info] ✔  firestore: Firestore Emulator UI websocket is running on 9150. {"metadata":{"emulator":{"name":"firestore"},"message":"Firestore Emulator UI websocket is running on 9150."}}
[info] i  storage: downloading cloud-storage-rules-runtime-v1.1.3.jar... {"metadata":{"emulator":{"name":"storage"},"message":"downloading cloud-storage-rules-runtime-v1.1.3.jar..."}}
[debug] [2024-09-14T17:46:58.282Z] >>> [apiv2][query] GET https://storage.googleapis.com/firebase-preview-drop/emulator/cloud-storage-rules-runtime-v1.1.3.jar 
[debug] [2024-09-14T17:46:58.611Z] <<< [apiv2][status] GET https://storage.googleapis.com/firebase-preview-drop/emulator/cloud-storage-rules-runtime-v1.1.3.jar 200
[debug] [2024-09-14T17:46:58.611Z] <<< [apiv2][body] GET https://storage.googleapis.com/firebase-preview-drop/emulator/cloud-storage-rules-runtime-v1.1.3.jar [stream]
[debug] [2024-09-14T17:47:30.875Z] Ignoring unsupported arg: port {"metadata":{"emulator":{"name":"storage"},"message":"Ignoring unsupported arg: port"}}
[debug] [2024-09-14T17:47:31.706Z] Temp file directory for storage emulator: /tmp/firebase/storage/blobs {"metadata":{"emulator":{"name":"storage"},"message":"Temp file directory for storage emulator: /tmp/firebase/storage/blobs"}}
[debug] [2024-09-14T17:47:31.711Z] >>> [apiv2][query] GET https://firebasehosting.googleapis.com/v1beta1/projects/alexa-semijoias/sites 
[debug] [2024-09-14T17:47:32.769Z] <<< [apiv2][status] GET https://firebasehosting.googleapis.com/v1beta1/projects/alexa-semijoias/sites 200
[debug] [2024-09-14T17:47:32.769Z] <<< [apiv2][body] GET https://firebasehosting.googleapis.com/v1beta1/projects/alexa-semijoias/sites {"sites":[{"name":"projects/alexa-semijoias/sites/alexa-semijoias","defaultUrl":"https://alexa-semijoias.web.app","type":"DEFAULT_SITE"}]}
[debug] [2024-09-14T17:47:32.769Z] >>> [apiv2][query] GET https://firebase.googleapis.com/v1beta1/projects/alexa-semijoias/webApps/-/config [none]
[debug] [2024-09-14T17:47:33.817Z] <<< [apiv2][status] GET https://firebase.googleapis.com/v1beta1/projects/alexa-semijoias/webApps/-/config 200
[debug] [2024-09-14T17:47:33.818Z] <<< [apiv2][body] GET https://firebase.googleapis.com/v1beta1/projects/alexa-semijoias/webApps/-/config {"projectId":"alexa-semijoias","appId":"1:335721127639:web:15a170805690148c501a92","databaseURL":"https://alexa-semijoias-default-rtdb.firebaseio.com","storageBucket":"alexa-semijoias.appspot.com","locationId":"southamerica-east1","apiKey":"AIzaSyC8Z3tYN8Glm3ptKy-aPOIupiN89mHtISk","authDomain":"alexa-semijoias.firebaseapp.com","messagingSenderId":"335721127639","measurementId":"G-MEGLYC6L4Z"}
[info] i  hosting[alexa-semijoias]: Serving hosting files from: .firebase/alexa-semijoias/hosting {"metadata":{"emulator":{"name":"hosting"},"message":"Serving hosting files from: \u001b[1m.firebase/alexa-semijoias/hosting\u001b[22m"}}
[info] ✔  hosting[alexa-semijoias]: Local server: http://127.0.0.1:5000 {"metadata":{"emulator":{"name":"hosting"},"message":"Local server: \u001b[4m\u001b[1mhttp://127.0.0.1:5000\u001b[22m\u001b[24m"}}
[debug] [2024-09-14T17:47:33.985Z] Ignoring unsupported arg: auto_download {"metadata":{"emulator":{"name":"ui"},"message":"Ignoring unsupported arg: auto_download"}}
[debug] [2024-09-14T17:47:33.986Z] Ignoring unsupported arg: port {"metadata":{"emulator":{"name":"ui"},"message":"Ignoring unsupported arg: port"}}
[debug] [2024-09-14T17:47:33.986Z] Starting Emulator UI with command {"binary":"node","args":["/home/japhe/.cache/firebase/emulators/ui-v1.13.0/server/server.mjs"],"optionalArgs":[],"joinArgs":false,"shell":false} {"metadata":{"emulator":{"name":"ui"},"message":"Starting Emulator UI with command {\"binary\":\"node\",\"args\":[\"/home/japhe/.cache/firebase/emulators/ui-v1.13.0/server/server.mjs\"],\"optionalArgs\":[],\"joinArgs\":false,\"shell\":false}"}}
[info] i  ui: Emulator UI logging to ui-debug.log {"metadata":{"emulator":{"name":"ui"},"message":"Emulator UI logging to \u001b[1mui-debug.log\u001b[22m"}}
[debug] [2024-09-14T17:47:34.091Z] Web / API server started at 127.0.0.1:4000
 {"metadata":{"emulator":{"name":"ui"},"message":"Web / API server started at 127.0.0.1:4000\n"}}
[debug] [2024-09-14T17:47:34.091Z] Web / API server started at ::1:4000
 {"metadata":{"emulator":{"name":"ui"},"message":"Web / API server started at ::1:4000\n"}}
[info] i  functions: Watching "/home/japhe/Downloads/programaçãop/alexa2/Alexa-semijoias/alexa-site/functions" for Cloud Functions... {"metadata":{"emulator":{"name":"functions"},"message":"Watching \"/home/japhe/Downloads/programaçãop/alexa2/Alexa-semijoias/alexa-site/functions\" for Cloud Functions..."}}
[debug] [2024-09-14T17:47:34.199Z] Validating nodejs source
[debug] [2024-09-14T17:47:35.418Z] > [functions] package.json contents: {
  "name": "functions",
  "scripts": {
    "lint": "eslint .",
    "clean": "rimraf lib",
    "build": "npm run clean && tsc",
    "build:watch": "tsc --watch",
    "serve": "npm run build && firebase emulators:start --only functions",
    "shell": "npm run build && firebase functions:shell",
    "start": "npm run shell",
    "deploy": "firebase deploy --only functions",
    "logs": "firebase functions:log"
  },
  "engines": {
    "node": "20"
  },
  "main": "lib/index.js",
  "dependencies": {
    "firebase-admin": "^12.0.0",
    "firebase-functions": "^6.0.0"
  },
  "devDependencies": {
    "@typescript-eslint/eslint-plugin": "^7.3.1",
    "@typescript-eslint/parser": "^7.3.1",
    "eslint": "^8.57.0",
    "eslint-config-google": "^0.14.0",
    "eslint-plugin-import": "^2.29.1",
    "firebase-functions-test": "^3.1.1",
    "rimraf": "^5.0.5",
    "typescript": "^4.9.0"
  },
  "private": true
}
[debug] [2024-09-14T17:47:35.419Z] Building nodejs source
[debug] [2024-09-14T17:47:35.419Z] Failed to find version of module node: reached end of search path /home/japhe/Downloads/programaçãop/alexa2/Alexa-semijoias/alexa-site/functions/node_modules
[info] ✔  functions: Using node@20 from host. 
[debug] [2024-09-14T17:47:35.421Z] Could not find functions.yaml. Must use http discovery
[debug] [2024-09-14T17:47:35.423Z] Found firebase-functions binary at '/home/japhe/Downloads/programaçãop/alexa2/Alexa-semijoias/alexa-site/functions/node_modules/.bin/firebase-functions'
[info] Serving at port 8895

[debug] [2024-09-14T17:47:38.138Z] Got response from /__/functions.yaml {"endpoints":{"setAdminClaim":{"availableMemoryMb":null,"timeoutSeconds":null,"minInstances":null,"maxInstances":null,"ingressSettings":null,"concurrency":null,"serviceAccountEmail":null,"vpc":null,"platform":"gcfv2","labels":{},"callableTrigger":{},"entryPoint":"setAdminClaim"}},"specVersion":"v1alpha1","requiredAPIs":[],"extensions":{}}
[info] ✔  functions: Loaded functions definitions from source: setAdminClaim. {"metadata":{"emulator":{"name":"functions"},"message":"Loaded functions definitions from source: setAdminClaim."}}
[info] ✔  functions[us-central1-setAdminClaim]: http function initialized (http://127.0.0.1:5001/alexa-semijoias/us-central1/setAdminClaim). {"metadata":{"emulator":{"name":"functions"},"message":"\u001b[1mhttp\u001b[22m function initialized (http://127.0.0.1:5001/alexa-semijoias/us-central1/setAdminClaim)."}}
[info] i  functions: Watching "/home/japhe/Downloads/programaçãop/alexa2/Alexa-semijoias/alexa-site/.firebase/alexa-semijoias/functions" for Cloud Functions... {"metadata":{"emulator":{"name":"functions"},"message":"Watching \"/home/japhe/Downloads/programaçãop/alexa2/Alexa-semijoias/alexa-site/.firebase/alexa-semijoias/functions\" for Cloud Functions..."}}
[debug] [2024-09-14T17:47:43.157Z] Validating nodejs source
[warn] ⚠  functions: package.json indicates an outdated version of firebase-functions. Please upgrade using npm install --save firebase-functions@latest in your functions directory. 
[warn] ⚠  functions: Please note that there will be breaking changes when you upgrade. 
[debug] [2024-09-14T17:47:43.630Z] > [functions] package.json contents: {
  "main": "server.js",
  "dependencies": {
    "firebase-frameworks": "^0.11.0",
    "firebase-functions": "^4.5.0",
    "firebase-admin": "^11.11.1"
  },
  "engines": {
    "node": "20"
  }
}
[debug] [2024-09-14T17:47:43.630Z] Building nodejs source
[debug] [2024-09-14T17:47:43.630Z] Failed to find version of module node: reached end of search path /home/japhe/Downloads/programaçãop/alexa2/Alexa-semijoias/alexa-site/.firebase/alexa-semijoias/functions/node_modules
[info] ✔  functions: Using node@20 from host. 
[info] i  functions: Loaded environment variables from .env, .env.local. 
[debug] [2024-09-14T17:47:43.632Z] Could not find functions.yaml. Must use http discovery
[debug] [2024-09-14T17:47:43.632Z] Found firebase-functions binary at '/home/japhe/Downloads/programaçãop/alexa2/Alexa-semijoias/alexa-site/.firebase/alexa-semijoias/functions/node_modules/.bin/firebase-functions'
[info] Serving at port 8785

[debug] [2024-09-14T17:47:47.557Z] Got response from /__/functions.yaml {"endpoints":{"ssralexasemijoias":{"availableMemoryMb":null,"timeoutSeconds":null,"minInstances":null,"maxInstances":null,"ingressSettings":null,"concurrency":null,"serviceAccountEmail":null,"vpc":null,"platform":"gcfv2","region":["us-central1"],"labels":{},"httpsTrigger":{},"entryPoint":"ssralexasemijoias"}},"specVersion":"v1alpha1","requiredAPIs":[]}
[info] ✔  functions: Loaded functions definitions from source: ssralexasemijoias. {"metadata":{"emulator":{"name":"functions"},"message":"Loaded functions definitions from source: ssralexasemijoias."}}
[info] ✔  functions[us-central1-ssralexasemijoias]: http function initialized (http://127.0.0.1:5001/alexa-semijoias/us-central1/ssralexasemijoias). {"metadata":{"emulator":{"name":"functions"},"message":"\u001b[1mhttp\u001b[22m function initialized (http://127.0.0.1:5001/alexa-semijoias/us-central1/ssralexasemijoias)."}}
[info] 
┌─────────────────────────────────────────────────────────────┐
│ ✔  All emulators ready! It is now safe to connect your app. │
│ i  View Emulator UI at http://127.0.0.1:4000/               │
└─────────────────────────────────────────────────────────────┘

┌────────────────┬────────────────┬─────────────────────────────────┐
│ Emulator       │ Host:Port      │ View in Emulator UI             │
├────────────────┼────────────────┼─────────────────────────────────┤
│ Authentication │ 127.0.0.1:9099 │ http://127.0.0.1:4000/auth      │
├────────────────┼────────────────┼─────────────────────────────────┤
│ Functions      │ 127.0.0.1:5001 │ http://127.0.0.1:4000/functions │
├────────────────┼────────────────┼─────────────────────────────────┤
│ Firestore      │ 127.0.0.1:8080 │ http://127.0.0.1:4000/firestore │
├────────────────┼────────────────┼─────────────────────────────────┤
│ Hosting        │ 127.0.0.1:5000 │ n/a                             │
├────────────────┼────────────────┼─────────────────────────────────┤
│ Storage        │ 127.0.0.1:9199 │ http://127.0.0.1:4000/storage   │
└────────────────┴────────────────┴─────────────────────────────────┘
  Emulator Hub running at 127.0.0.1:4400
  Other reserved ports: 4500, 9150

Issues? Report them at https://github.com/firebase/firebase-tools/issues and attach the *-debug.log files.
 
[debug] [2024-09-14T17:48:49.244Z] Sep 14, 2024 2:48:49 PM com.google.cloud.datastore.emulator.firestore.websocket.WebSocketChannelHandler initChannel
INFO: Connected to new websocket client
 {"metadata":{"emulator":{"name":"firestore"},"message":"Sep 14, 2024 2:48:49 PM com.google.cloud.datastore.emulator.firestore.websocket.WebSocketChannelHandler initChannel\nINFO: Connected to new websocket client\n"}}
[warn] ⚠  Received a signed JWT. Auth Emulator does not validate JWTs and IS NOT SECURE {"metadata":{"emulator":{"name":"auth"},"message":"Received a signed JWT. Auth Emulator does not validate JWTs and IS NOT SECURE"}}
[debug] [2024-09-14T17:54:01.642Z] Sep 14, 2024 2:54:01 PM io.gapi.emulators.netty.HttpVersionRoutingHandler channelRead
INFO: Detected non-HTTP/2 connection.
 {"metadata":{"emulator":{"name":"firestore"},"message":"Sep 14, 2024 2:54:01 PM io.gapi.emulators.netty.HttpVersionRoutingHandler channelRead\nINFO: Detected non-HTTP/2 connection.\n"}}
[debug] [2024-09-14T17:54:02.480Z] Sep 14, 2024 2:54:02 PM io.gapi.emulators.netty.HttpVersionRoutingHandler channelRead
INFO: Detected non-HTTP/2 connection.
 {"metadata":{"emulator":{"name":"firestore"},"message":"Sep 14, 2024 2:54:02 PM io.gapi.emulators.netty.HttpVersionRoutingHandler channelRead\nINFO: Detected non-HTTP/2 connection.\n"}}
[debug] [2024-09-14T17:54:02.503Z] Sep 14, 2024 2:54:02 PM io.gapi.emulators.netty.HttpVersionRoutingHandler channelRead
INFO: Detected non-HTTP/2 connection.
 {"metadata":{"emulator":{"name":"firestore"},"message":"Sep 14, 2024 2:54:02 PM io.gapi.emulators.netty.HttpVersionRoutingHandler channelRead\nINFO: Detected non-HTTP/2 connection.\n"}}
[debug] [2024-09-14T17:54:47.514Z] Sep 14, 2024 2:54:47 PM io.gapi.emulators.netty.HttpVersionRoutingHandler channelRead
INFO: Detected non-HTTP/2 connection.
 {"metadata":{"emulator":{"name":"firestore"},"message":"Sep 14, 2024 2:54:47 PM io.gapi.emulators.netty.HttpVersionRoutingHandler channelRead\nINFO: Detected non-HTTP/2 connection.\n"}}
[debug] [2024-09-14T17:55:02.500Z] Sep 14, 2024 2:55:02 PM io.gapi.emulators.netty.HttpVersionRoutingHandler channelRead
INFO: Detected non-HTTP/2 connection.
 {"metadata":{"emulator":{"name":"firestore"},"message":"Sep 14, 2024 2:55:02 PM io.gapi.emulators.netty.HttpVersionRoutingHandler channelRead\nINFO: Detected non-HTTP/2 connection.\n"}}
[debug] [2024-09-14T17:55:02.504Z] Sep 14, 2024 2:55:02 PM com.google.cloud.datastore.emulator.firestore.webchannel.FirestoreV1WebChannelAdapter$FirestoreListenHandler onClose
INFO: channel closed
 {"metadata":{"emulator":{"name":"firestore"},"message":"Sep 14, 2024 2:55:02 PM com.google.cloud.datastore.emulator.firestore.webchannel.FirestoreV1WebChannelAdapter$FirestoreListenHandler onClose\nINFO: channel closed\n"}}
[debug] [2024-09-14T18:02:04.582Z] Sep 14, 2024 3:02:04 PM io.gapi.emulators.netty.HttpVersionRoutingHandler channelRead
INFO: Detected non-HTTP/2 connection.
 {"metadata":{"emulator":{"name":"firestore"},"message":"Sep 14, 2024 3:02:04 PM io.gapi.emulators.netty.HttpVersionRoutingHandler channelRead\nINFO: Detected non-HTTP/2 connection.\n"}}
[debug] [2024-09-14T18:02:05.064Z] Sep 14, 2024 3:02:05 PM io.gapi.emulators.netty.HttpVersionRoutingHandler channelRead
INFO: Detected non-HTTP/2 connection.
 {"metadata":{"emulator":{"name":"firestore"},"message":"Sep 14, 2024 3:02:05 PM io.gapi.emulators.netty.HttpVersionRoutingHandler channelRead\nINFO: Detected non-HTTP/2 connection.\n"}}
[debug] [2024-09-14T18:02:05.096Z] Sep 14, 2024 3:02:05 PM io.gapi.emulators.netty.HttpVersionRoutingHandler channelRead
INFO: Detected non-HTTP/2 connection.
 {"metadata":{"emulator":{"name":"firestore"},"message":"Sep 14, 2024 3:02:05 PM io.gapi.emulators.netty.HttpVersionRoutingHandler channelRead\nINFO: Detected non-HTTP/2 connection.\n"}}
[debug] [2024-09-14T18:02:50.108Z] Sep 14, 2024 3:02:50 PM io.gapi.emulators.netty.HttpVersionRoutingHandler channelRead
INFO: Detected non-HTTP/2 connection.
 {"metadata":{"emulator":{"name":"firestore"},"message":"Sep 14, 2024 3:02:50 PM io.gapi.emulators.netty.HttpVersionRoutingHandler channelRead\nINFO: Detected non-HTTP/2 connection.\n"}}
[debug] [2024-09-14T18:03:05.100Z] Sep 14, 2024 3:03:05 PM io.gapi.emulators.netty.HttpVersionRoutingHandler channelRead
INFO: Detected non-HTTP/2 connection.
 {"metadata":{"emulator":{"name":"firestore"},"message":"Sep 14, 2024 3:03:05 PM io.gapi.emulators.netty.HttpVersionRoutingHandler channelRead\nINFO: Detected non-HTTP/2 connection.\n"}}
[debug] [2024-09-14T18:03:05.106Z] Sep 14, 2024 3:03:05 PM com.google.cloud.datastore.emulator.firestore.webchannel.FirestoreV1WebChannelAdapter$FirestoreListenHandler onClose
INFO: channel closed
 {"metadata":{"emulator":{"name":"firestore"},"message":"Sep 14, 2024 3:03:05 PM com.google.cloud.datastore.emulator.firestore.webchannel.FirestoreV1WebChannelAdapter$FirestoreListenHandler onClose\nINFO: channel closed\n"}}
[debug] [2024-09-14T18:04:46.138Z] Sep 14, 2024 3:04:46 PM com.google.cloud.datastore.emulator.firestore.websocket.WebSocketChannelHandler initChannel
INFO: Connected to new websocket client
 {"metadata":{"emulator":{"name":"firestore"},"message":"Sep 14, 2024 3:04:46 PM com.google.cloud.datastore.emulator.firestore.websocket.WebSocketChannelHandler initChannel\nINFO: Connected to new websocket client\n"}}
[debug] [2024-09-14T18:04:46.161Z] Sep 14, 2024 3:04:46 PM io.gapi.emulators.netty.HttpVersionRoutingHandler channelRead
INFO: Detected non-HTTP/2 connection.
 {"metadata":{"emulator":{"name":"firestore"},"message":"Sep 14, 2024 3:04:46 PM io.gapi.emulators.netty.HttpVersionRoutingHandler channelRead\nINFO: Detected non-HTTP/2 connection.\n"}}
[debug] [2024-09-14T18:04:46.263Z] Sep 14, 2024 3:04:46 PM io.gapi.emulators.netty.HttpVersionRoutingHandler channelRead
INFO: Detected HTTP/2 connection.
 {"metadata":{"emulator":{"name":"firestore"},"message":"Sep 14, 2024 3:04:46 PM io.gapi.emulators.netty.HttpVersionRoutingHandler channelRead\nINFO: Detected HTTP/2 connection.\n"}}
[debug] [2024-09-14T18:04:47.459Z] Sep 14, 2024 3:04:47 PM com.google.cloud.datastore.emulator.firestore.websocket.WebSocketChannelHandler initChannel
INFO: Connected to new websocket client
 {"metadata":{"emulator":{"name":"firestore"},"message":"Sep 14, 2024 3:04:47 PM com.google.cloud.datastore.emulator.firestore.websocket.WebSocketChannelHandler initChannel\nINFO: Connected to new websocket client\n"}}
